s3c_fb_init 0.091
s5p_mipi_dsi_register 0.319
pl330_driver_init 0.019
s3c24xx_serial_modinit 4.706
PVRCore_Init 0.077
brd_init 0.057
loop_init 0.014
max77665_muic_init 0.03
arizona_spi_driver_init 0.035
mx_hub_init 0.305
bcm2079x_dev_init 0.04
tun_init 0.017
exynos_drd_driver_init 0.026
ehci_hcd_init 0.048
xhci_hcd_init 0.056
usb_stor_init 0.021
exynos_ss_udc_driver_init 0.012
mx_tpi_init 0.014
gp2ap_init 0.02
akm_compass_init 0.092
lsm330dlc_acc_init 0.166
lsm330dlc_gyr_init 0.149
synaptics_rmi4_init 1.136
max77802_rtc_init 0.083
i2c_dev_init 0.012
ms2r_is_spi_init 0.013
s5pcsis_driver_init 0.062
flite_driver_init 0.17
gsc_driver_init 0.073
sc_driver_init 0.018
jpeg_init 0.022
fimg2d_register 0.044
s5p_mfc_init 0.024
hdcp_init 0.018
hdmi_init 0.022
mxr_init 0.089
rot_driver_init 0.016
jpeg_hx_init 0.025
exynos_tmu_driver_init 0.011
watchdog_init 0.039
dm_init 0.018
hci_uart_init 0.02
init_menu 0.041
dw_mci_init 0.011
m6x_audio_init 0.068
vfp_init 2.794
modem_device_init 0.033
regulator_init_complete 0.028
S3cLcdBridgeInit 0.036
dhd_module_init 0.978
gpio_keys_init 0.014
rtc_hctosys 0.021
max17047_init 0.076
max77665_charger_init 0.025
exynos5_busfreq_mif_init 0.142
exynos_cpufreq_init 0.018
alsa_sound_last_init 0.012
